2023-12-25 01:04:58,319 - started
2023-12-25 01:04:58,319 - 11 URL COUNT 
2023-12-25 01:04:58,319 - https://www.avukatiletisimkur.com/%3Futm_source%3Dgoogle%26utm_medium%3Dorganic%26utm_campaign%3Dgmb CHECKING 
2023-12-25 01:04:58,320 - https://www.avukatiletisimkur.com/%3Futm_source%3Dgoogle%26utm_medium%3Dorganic%26utm_campaign%3Dgmb URL NOT EXISTS 
2023-12-25 01:04:58,320 - https://www.avukatiletisimkur.com/%3Futm_source%3Dgoogle%26utm_medium%3Dorganic%26utm_campaign%3Dgmb requesting page : 
2023-12-25 01:05:06,960 - there was a error with https://www.avukatiletisimkur.com/%3Futm_source%3Dgoogle%26utm_medium%3Dorganic%26utm_campaign%3Dgmb
2023-12-25 01:05:06,961 - SQLite error in save_errored_website: ON CONFLICT clause does not match any PRIMARY KEY or UNIQUE constraint
2023-12-25 01:05:06,961 - 10 URL COUNT 
2023-12-25 01:05:06,962 - https://mg-hukuk-ve-dansmanlk-burosu.business.site/%3Fm%3Dtrue CHECKING 
2023-12-25 01:05:06,962 - https://mg-hukuk-ve-dansmanlk-burosu.business.site/%3Fm%3Dtrue URL NOT EXISTS 
2023-12-25 01:05:06,962 - https://mg-hukuk-ve-dansmanlk-burosu.business.site/%3Fm%3Dtrue requesting page : 
2023-12-25 01:05:07,436 - Error 404 while getting page from https://mg-hukuk-ve-dansmanlk-burosu.business.site/%3Fm%3Dtrue
2023-12-25 01:05:07,439 - there was a error with https://mg-hukuk-ve-dansmanlk-burosu.business.site/%3Fm%3Dtrue
2023-12-25 01:05:07,441 - SQLite error in save_errored_website: ON CONFLICT clause does not match any PRIMARY KEY or UNIQUE constraint
2023-12-25 01:05:07,442 - 9 URL COUNT 
2023-12-25 01:05:07,442 - http://okten.av.tr/ CHECKING 
2023-12-25 01:05:07,442 - http://okten.av.tr/ URL NOT EXISTS 
2023-12-25 01:05:07,442 - http://okten.av.tr/ requesting page : 
2023-12-25 01:05:10,958 - there was a error with http://okten.av.tr/
2023-12-25 01:05:10,959 - SQLite error in save_errored_website: ON CONFLICT clause does not match any PRIMARY KEY or UNIQUE constraint
2023-12-25 01:05:10,960 - 8 URL COUNT 
2023-12-25 01:05:10,960 - https://avukat-cahit-fakhani.business.site/%3Futm_source%3Dgooglemybusiness%26utm_medium%3Dreferral CHECKING 
2023-12-25 01:05:10,960 - https://avukat-cahit-fakhani.business.site/%3Futm_source%3Dgooglemybusiness%26utm_medium%3Dreferral URL NOT EXISTS 
2023-12-25 01:05:10,960 - https://avukat-cahit-fakhani.business.site/%3Futm_source%3Dgooglemybusiness%26utm_medium%3Dreferral requesting page : 
2023-12-25 01:05:11,346 - Error 404 while getting page from https://avukat-cahit-fakhani.business.site/%3Futm_source%3Dgooglemybusiness%26utm_medium%3Dreferral
2023-12-25 01:05:11,348 - there was a error with https://avukat-cahit-fakhani.business.site/%3Futm_source%3Dgooglemybusiness%26utm_medium%3Dreferral
2023-12-25 01:05:11,350 - SQLite error in save_errored_website: ON CONFLICT clause does not match any PRIMARY KEY or UNIQUE constraint
2023-12-25 01:05:11,351 - 7 URL COUNT 
2023-12-25 01:05:11,351 - http://td-lawfirm.net/ CHECKING 
2023-12-25 01:05:11,351 - http://td-lawfirm.net/ URL NOT EXISTS 
2023-12-25 01:05:11,351 - http://td-lawfirm.net/ requesting page : 
2023-12-25 01:05:12,911 - there was a error with http://td-lawfirm.net/
2023-12-25 01:05:12,912 - SQLite error in save_errored_website: ON CONFLICT clause does not match any PRIMARY KEY or UNIQUE constraint
2023-12-25 01:05:12,912 - 6 URL COUNT 
2023-12-25 01:05:12,913 - https://osmaniyehukukburosu.business.site/%3Futm_source%3Dgmb%26utm_medium%3Dreferral CHECKING 
2023-12-25 01:05:12,913 - https://osmaniyehukukburosu.business.site/%3Futm_source%3Dgmb%26utm_medium%3Dreferral URL NOT EXISTS 
2023-12-25 01:05:12,913 - https://osmaniyehukukburosu.business.site/%3Futm_source%3Dgmb%26utm_medium%3Dreferral requesting page : 
2023-12-25 01:05:13,428 - Error 404 while getting page from https://osmaniyehukukburosu.business.site/%3Futm_source%3Dgmb%26utm_medium%3Dreferral
2023-12-25 01:05:13,431 - there was a error with https://osmaniyehukukburosu.business.site/%3Futm_source%3Dgmb%26utm_medium%3Dreferral
2023-12-25 01:05:13,433 - SQLite error in save_errored_website: ON CONFLICT clause does not match any PRIMARY KEY or UNIQUE constraint
2023-12-25 01:05:13,434 - 5 URL COUNT 
2023-12-25 01:05:13,434 - http://www.dincellerlegal.com/ CHECKING 
2023-12-25 01:05:13,434 - http://www.dincellerlegal.com/ URL NOT EXISTS 
2023-12-25 01:05:13,435 - http://www.dincellerlegal.com/ requesting page : 
2023-12-25 01:05:13,545 - there was a error with http://www.dincellerlegal.com/
2023-12-25 01:05:13,546 - SQLite error in save_errored_website: ON CONFLICT clause does not match any PRIMARY KEY or UNIQUE constraint
2023-12-25 01:05:13,546 - 4 URL COUNT 
2023-12-25 01:05:13,546 - http://www.avhandesahin.com/ CHECKING 
2023-12-25 01:05:13,547 - http://www.avhandesahin.com/ URL NOT EXISTS 
2023-12-25 01:05:13,547 - http://www.avhandesahin.com/ requesting page : 
2023-12-25 01:05:13,918 - [] EXTRACTED MAILS 
2023-12-25 01:05:13,955 - Data successfully updated for website: http://www.avhandesahin.com/
2023-12-25 01:05:13,956 - getting sub pages
2023-12-25 01:05:14,030 - https://www.avhandesahin.com/iletisim/ GOT HREF LINKS
2023-12-25 01:05:14,030 - https://www.avhandesahin.com/iletisim/ CHECKING SUBPAGE
2023-12-25 01:05:14,030 - https://www.avhandesahin.com/iletisim/ requesting page : 
2023-12-25 01:05:14,243 - Extracted Emails [] from sub page: https://www.avhandesahin.com/iletisim/
2023-12-25 01:05:14,267 - Data successfully updated for website: https://www.avhandesahin.com/iletisim/
2023-12-25 01:05:14,268 - 3 URL COUNT 
2023-12-25 01:05:14,269 - https://eghukuk.com.tr/ CHECKING 
2023-12-25 01:05:14,269 - https://eghukuk.com.tr/ URL NOT EXISTS 
2023-12-25 01:05:14,269 - https://eghukuk.com.tr/ requesting page : 
2023-12-25 01:05:14,373 - there was a error with https://eghukuk.com.tr/
2023-12-25 01:05:14,374 - SQLite error in save_errored_website: ON CONFLICT clause does not match any PRIMARY KEY or UNIQUE constraint
2023-12-25 01:05:14,374 - 2 URL COUNT 
2023-12-25 01:05:14,375 - http://www.erdemirhukukdanismanlik.com/ CHECKING 
2023-12-25 01:05:14,375 - http://www.erdemirhukukdanismanlik.com/ URL NOT EXISTS 
2023-12-25 01:05:14,375 - http://www.erdemirhukukdanismanlik.com/ requesting page : 
2023-12-25 01:05:14,678 - there was a error with http://www.erdemirhukukdanismanlik.com/
2023-12-25 01:05:14,680 - SQLite error in save_errored_website: ON CONFLICT clause does not match any PRIMARY KEY or UNIQUE constraint
2023-12-25 01:05:14,681 - 1 URL COUNT 
2023-12-25 01:05:14,681 - http://www.selcukener.av.tr/ CHECKING 
2023-12-25 01:05:14,681 - http://www.selcukener.av.tr/ URL NOT EXISTS 
2023-12-25 01:05:14,681 - http://www.selcukener.av.tr/ requesting page : 
2023-12-25 01:05:15,144 - no-email-found EXTRACTED MAILS 
2023-12-25 01:05:15,189 - Data successfully updated for website: http://www.selcukener.av.tr/
2023-12-25 01:05:15,190 - getting sub pages
2023-12-25 01:05:15,236 - iletisim GOT HREF LINKS
2023-12-25 01:05:15,237 - iletisim BAD LINK CHECK SUBPAGE
